{"/Users/betalectic/Desktop/Personal/retry-breaker/src/bulkhead.js": {"path":"/Users/betalectic/Desktop/Personal/retry-breaker/src/bulkhead.js","statementMap":{"0":{"start":{"line":3,"column":4},"end":{"line":3,"column":23}},"1":{"start":{"line":4,"column":4},"end":{"line":4,"column":21}},"2":{"start":{"line":5,"column":4},"end":{"line":5,"column":20}},"3":{"start":{"line":10,"column":4},"end":{"line":19,"column":5}},"4":{"start":{"line":11,"column":6},"end":{"line":18,"column":9}},"5":{"start":{"line":12,"column":8},"end":{"line":17,"column":11}},"6":{"start":{"line":14,"column":12},"end":{"line":16,"column":28}},"7":{"start":{"line":21,"column":4},"end":{"line":21,"column":19}},"8":{"start":{"line":23,"column":4},"end":{"line":38,"column":5}},"9":{"start":{"line":24,"column":21},"end":{"line":24,"column":38}},"10":{"start":{"line":26,"column":6},"end":{"line":26,"column":20}},"11":{"start":{"line":28,"column":26},"end":{"line":28,"column":90}},"12":{"start":{"line":29,"column":6},"end":{"line":29,"column":18}},"13":{"start":{"line":31,"column":6},"end":{"line":31,"column":21}},"14":{"start":{"line":34,"column":6},"end":{"line":37,"column":7}},"15":{"start":{"line":35,"column":21},"end":{"line":35,"column":39}},"16":{"start":{"line":36,"column":8},"end":{"line":36,"column":18}},"17":{"start":{"line":42,"column":0},"end":{"line":42,"column":26}},"18":{"start":{"line":49,"column":85},"end":{"line":49,"column":39987}},"19":{"start":{"line":49,"column":89},"end":{"line":49,"column":39976}}},"fnMap":{"0":{"name":"(anonymous_0)","decl":{"start":{"line":2,"column":2},"end":{"line":2,"column":3}},"loc":{"start":{"line":2,"column":26},"end":{"line":6,"column":3}},"line":2},"1":{"name":"(anonymous_1)","decl":{"start":{"line":8,"column":2},"end":{"line":8,"column":3}},"loc":{"start":{"line":8,"column":26},"end":{"line":39,"column":3}},"line":8},"2":{"name":"(anonymous_2)","decl":{"start":{"line":11,"column":25},"end":{"line":11,"column":26}},"loc":{"start":{"line":11,"column":46},"end":{"line":18,"column":7}},"line":11},"3":{"name":"(anonymous_3)","decl":{"start":{"line":13,"column":14},"end":{"line":13,"column":15}},"loc":{"start":{"line":14,"column":12},"end":{"line":16,"column":28}},"line":14},"4":{"name":"oo_cm","decl":{"start":{"line":49,"column":77},"end":{"line":49,"column":82}},"loc":{"start":{"line":49,"column":84},"end":{"line":49,"column":39988}},"line":49}},"branchMap":{"0":{"loc":{"start":{"line":2,"column":14},"end":{"line":2,"column":24}},"type":"default-arg","locations":[{"start":{"line":2,"column":22},"end":{"line":2,"column":24}}],"line":2},"1":{"loc":{"start":{"line":10,"column":4},"end":{"line":19,"column":5}},"type":"if","locations":[{"start":{"line":10,"column":4},"end":{"line":19,"column":5}},{"start":{},"end":{}}],"line":10},"2":{"loc":{"start":{"line":34,"column":6},"end":{"line":37,"column":7}},"type":"if","locations":[{"start":{"line":34,"column":6},"end":{"line":37,"column":7}},{"start":{},"end":{}}],"line":34},"3":{"loc":{"start":{"line":49,"column":96},"end":{"line":49,"column":39975}},"type":"binary-expr","locations":[{"start":{"line":49,"column":96},"end":{"line":49,"column":133}},{"start":{"line":49,"column":137},"end":{"line":49,"column":39975}}],"line":49}},"s":{"0":3,"1":3,"2":3,"3":5,"4":1,"5":1,"6":1,"7":4,"8":4,"9":4,"10":3,"11":1,"12":1,"13":4,"14":4,"15":1,"16":1,"17":1,"18":1,"19":1},"f":{"0":3,"1":5,"2":1,"3":1,"4":1},"b":{"0":[0],"1":[1,4],"2":[1,3],"3":[1,1]},"_coverageSchema":"1a1c01bbd47fc00a2c39e90264f33305004495a9","hash":"e0f989190ffe1358160c8b4827050112f2e5494a"}
,"/Users/betalectic/Desktop/Personal/retry-breaker/src/circuitBreaker.js": {"path":"/Users/betalectic/Desktop/Personal/retry-breaker/src/circuitBreaker.js","statementMap":{"0":{"start":{"line":4,"column":4},"end":{"line":4,"column":17}},"1":{"start":{"line":5,"column":4},"end":{"line":5,"column":58}},"2":{"start":{"line":6,"column":4},"end":{"line":6,"column":58}},"3":{"start":{"line":7,"column":4},"end":{"line":7,"column":53}},"4":{"start":{"line":8,"column":4},"end":{"line":8,"column":22}},"5":{"start":{"line":9,"column":4},"end":{"line":9,"column":32}},"6":{"start":{"line":13,"column":4},"end":{"line":22,"column":5}},"7":{"start":{"line":14,"column":18},"end":{"line":14,"column":28}},"8":{"start":{"line":15,"column":6},"end":{"line":21,"column":7}},"9":{"start":{"line":17,"column":8},"end":{"line":17,"column":26}},"10":{"start":{"line":18,"column":8},"end":{"line":18,"column":36}},"11":{"start":{"line":20,"column":8},"end":{"line":20,"column":51}},"12":{"start":{"line":24,"column":4},"end":{"line":36,"column":5}},"13":{"start":{"line":25,"column":21},"end":{"line":25,"column":43}},"14":{"start":{"line":26,"column":6},"end":{"line":26,"column":24}},"15":{"start":{"line":27,"column":6},"end":{"line":27,"column":20}},"16":{"start":{"line":29,"column":6},"end":{"line":29,"column":22}},"17":{"start":{"line":30,"column":6},"end":{"line":30,"column":40}},"18":{"start":{"line":31,"column":6},"end":{"line":34,"column":7}},"19":{"start":{"line":33,"column":8},"end":{"line":33,"column":42}},"20":{"start":{"line":35,"column":6},"end":{"line":35,"column":18}},"21":{"start":{"line":40,"column":16},"end":{"line":40,"column":26}},"22":{"start":{"line":43,"column":4},"end":{"line":47,"column":6}},"23":{"start":{"line":51,"column":0},"end":{"line":51,"column":32}}},"fnMap":{"0":{"name":"(anonymous_0)","decl":{"start":{"line":3,"column":2},"end":{"line":3,"column":3}},"loc":{"start":{"line":3,"column":32},"end":{"line":10,"column":3}},"line":3},"1":{"name":"(anonymous_1)","decl":{"start":{"line":12,"column":2},"end":{"line":12,"column":3}},"loc":{"start":{"line":12,"column":22},"end":{"line":37,"column":3}},"line":12},"2":{"name":"(anonymous_2)","decl":{"start":{"line":39,"column":2},"end":{"line":39,"column":3}},"loc":{"start":{"line":39,"column":11},"end":{"line":48,"column":3}},"line":39}},"branchMap":{"0":{"loc":{"start":{"line":3,"column":18},"end":{"line":3,"column":30}},"type":"default-arg","locations":[{"start":{"line":3,"column":28},"end":{"line":3,"column":30}}],"line":3},"1":{"loc":{"start":{"line":5,"column":28},"end":{"line":5,"column":57}},"type":"binary-expr","locations":[{"start":{"line":5,"column":28},"end":{"line":5,"column":52}},{"start":{"line":5,"column":56},"end":{"line":5,"column":57}}],"line":5},"2":{"loc":{"start":{"line":6,"column":26},"end":{"line":6,"column":57}},"type":"binary-expr","locations":[{"start":{"line":6,"column":26},"end":{"line":6,"column":48}},{"start":{"line":6,"column":52},"end":{"line":6,"column":57}}],"line":6},"3":{"loc":{"start":{"line":7,"column":24},"end":{"line":7,"column":52}},"type":"binary-expr","locations":[{"start":{"line":7,"column":24},"end":{"line":7,"column":44}},{"start":{"line":7,"column":48},"end":{"line":7,"column":52}}],"line":7},"4":{"loc":{"start":{"line":13,"column":4},"end":{"line":22,"column":5}},"type":"if","locations":[{"start":{"line":13,"column":4},"end":{"line":22,"column":5}},{"start":{},"end":{}}],"line":13},"5":{"loc":{"start":{"line":15,"column":6},"end":{"line":21,"column":7}},"type":"if","locations":[{"start":{"line":15,"column":6},"end":{"line":21,"column":7}},{"start":{"line":19,"column":13},"end":{"line":21,"column":7}}],"line":15},"6":{"loc":{"start":{"line":31,"column":6},"end":{"line":34,"column":7}},"type":"if","locations":[{"start":{"line":31,"column":6},"end":{"line":34,"column":7}},{"start":{},"end":{}}],"line":31},"7":{"loc":{"start":{"line":44,"column":6},"end":{"line":46,"column":55}},"type":"binary-expr","locations":[{"start":{"line":44,"column":6},"end":{"line":44,"column":44}},{"start":{"line":45,"column":6},"end":{"line":45,"column":35}},{"start":{"line":46,"column":6},"end":{"line":46,"column":55}}],"line":44}},"s":{"0":2,"1":2,"2":2,"3":2,"4":2,"5":2,"6":4,"7":0,"8":0,"9":0,"10":0,"11":0,"12":4,"13":4,"14":0,"15":0,"16":4,"17":4,"18":4,"19":2,"20":4,"21":7,"22":7,"23":1},"f":{"0":2,"1":4,"2":7},"b":{"0":[0],"1":[2,0],"2":[2,0],"3":[2,2],"4":[0,4],"5":[0,0],"6":[2,2],"7":[7,3,3]},"_coverageSchema":"1a1c01bbd47fc00a2c39e90264f33305004495a9","hash":"263ab3cf867a37adf21598b5e95fe9d06fbad0c7"}
,"/Users/betalectic/Desktop/Personal/retry-breaker/src/fallback.js": {"path":"/Users/betalectic/Desktop/Personal/retry-breaker/src/fallback.js","statementMap":{"0":{"start":{"line":3,"column":4},"end":{"line":5,"column":5}},"1":{"start":{"line":4,"column":6},"end":{"line":4,"column":54}},"2":{"start":{"line":6,"column":4},"end":{"line":6,"column":33}},"3":{"start":{"line":10,"column":4},"end":{"line":19,"column":5}},"4":{"start":{"line":11,"column":6},"end":{"line":11,"column":24}},"5":{"start":{"line":13,"column":6},"end":{"line":18,"column":7}},"6":{"start":{"line":14,"column":8},"end":{"line":14,"column":39}},"7":{"start":{"line":17,"column":8},"end":{"line":17,"column":28}},"8":{"start":{"line":23,"column":0},"end":{"line":23,"column":26}}},"fnMap":{"0":{"name":"(anonymous_0)","decl":{"start":{"line":2,"column":2},"end":{"line":2,"column":3}},"loc":{"start":{"line":2,"column":26},"end":{"line":7,"column":3}},"line":2},"1":{"name":"(anonymous_1)","decl":{"start":{"line":9,"column":2},"end":{"line":9,"column":3}},"loc":{"start":{"line":9,"column":17},"end":{"line":20,"column":3}},"line":9}},"branchMap":{"0":{"loc":{"start":{"line":3,"column":4},"end":{"line":5,"column":5}},"type":"if","locations":[{"start":{"line":3,"column":4},"end":{"line":5,"column":5}},{"start":{},"end":{}}],"line":3}},"s":{"0":3,"1":1,"2":2,"3":2,"4":2,"5":2,"6":2,"7":1,"8":1},"f":{"0":3,"1":2},"b":{"0":[1,2]},"_coverageSchema":"1a1c01bbd47fc00a2c39e90264f33305004495a9","hash":"5e1d250a22179af0af6b6a984ff1397a8eeca536"}
,"/Users/betalectic/Desktop/Personal/retry-breaker/src/retry.js": {"path":"/Users/betalectic/Desktop/Personal/retry-breaker/src/retry.js","statementMap":{"0":{"start":{"line":3,"column":4},"end":{"line":3,"column":40}},"1":{"start":{"line":4,"column":4},"end":{"line":4,"column":39}},"2":{"start":{"line":5,"column":4},"end":{"line":5,"column":50}},"3":{"start":{"line":9,"column":19},"end":{"line":9,"column":20}},"4":{"start":{"line":10,"column":4},"end":{"line":20,"column":5}},"5":{"start":{"line":11,"column":6},"end":{"line":19,"column":7}},"6":{"start":{"line":12,"column":8},"end":{"line":12,"column":26}},"7":{"start":{"line":14,"column":8},"end":{"line":14,"column":19}},"8":{"start":{"line":15,"column":8},"end":{"line":17,"column":9}},"9":{"start":{"line":16,"column":10},"end":{"line":16,"column":22}},"10":{"start":{"line":18,"column":8},"end":{"line":18,"column":49}},"11":{"start":{"line":24,"column":4},"end":{"line":24,"column":61}},"12":{"start":{"line":24,"column":36},"end":{"line":24,"column":59}},"13":{"start":{"line":28,"column":0},"end":{"line":28,"column":23}}},"fnMap":{"0":{"name":"(anonymous_0)","decl":{"start":{"line":2,"column":2},"end":{"line":2,"column":3}},"loc":{"start":{"line":2,"column":28},"end":{"line":6,"column":3}},"line":2},"1":{"name":"(anonymous_1)","decl":{"start":{"line":8,"column":2},"end":{"line":8,"column":3}},"loc":{"start":{"line":8,"column":17},"end":{"line":21,"column":3}},"line":8},"2":{"name":"(anonymous_2)","decl":{"start":{"line":23,"column":2},"end":{"line":23,"column":3}},"loc":{"start":{"line":23,"column":22},"end":{"line":25,"column":3}},"line":23},"3":{"name":"(anonymous_3)","decl":{"start":{"line":24,"column":23},"end":{"line":24,"column":24}},"loc":{"start":{"line":24,"column":36},"end":{"line":24,"column":59}},"line":24}},"branchMap":{"0":{"loc":{"start":{"line":2,"column":14},"end":{"line":2,"column":26}},"type":"default-arg","locations":[{"start":{"line":2,"column":24},"end":{"line":2,"column":26}}],"line":2},"1":{"loc":{"start":{"line":3,"column":19},"end":{"line":3,"column":39}},"type":"binary-expr","locations":[{"start":{"line":3,"column":19},"end":{"line":3,"column":34}},{"start":{"line":3,"column":38},"end":{"line":3,"column":39}}],"line":3},"2":{"loc":{"start":{"line":4,"column":17},"end":{"line":4,"column":38}},"type":"binary-expr","locations":[{"start":{"line":4,"column":17},"end":{"line":4,"column":30}},{"start":{"line":4,"column":34},"end":{"line":4,"column":38}}],"line":4},"3":{"loc":{"start":{"line":5,"column":19},"end":{"line":5,"column":49}},"type":"binary-expr","locations":[{"start":{"line":5,"column":19},"end":{"line":5,"column":34}},{"start":{"line":5,"column":38},"end":{"line":5,"column":49}}],"line":5},"4":{"loc":{"start":{"line":15,"column":8},"end":{"line":17,"column":9}},"type":"if","locations":[{"start":{"line":15,"column":8},"end":{"line":17,"column":9}},{"start":{},"end":{}}],"line":15}},"s":{"0":1,"1":1,"2":1,"3":1,"4":1,"5":2,"6":2,"7":1,"8":1,"9":0,"10":1,"11":1,"12":1,"13":1},"f":{"0":1,"1":1,"2":1,"3":1},"b":{"0":[0],"1":[1,0],"2":[1,1],"3":[1,1],"4":[0,1]},"_coverageSchema":"1a1c01bbd47fc00a2c39e90264f33305004495a9","hash":"a23fdde8332e7a40cc0f85288299a42099cbe8b2"}
,"/Users/betalectic/Desktop/Personal/retry-breaker/src/timeout.js": {"path":"/Users/betalectic/Desktop/Personal/retry-breaker/src/timeout.js","statementMap":{"0":{"start":{"line":3,"column":4},"end":{"line":3,"column":22}},"1":{"start":{"line":4,"column":4},"end":{"line":4,"column":37}},"2":{"start":{"line":8,"column":27},"end":{"line":12,"column":6}},"3":{"start":{"line":9,"column":6},"end":{"line":11,"column":23}},"4":{"start":{"line":10,"column":8},"end":{"line":10,"column":45}},"5":{"start":{"line":14,"column":4},"end":{"line":19,"column":5}},"6":{"start":{"line":15,"column":21},"end":{"line":15,"column":63}},"7":{"start":{"line":16,"column":6},"end":{"line":16,"column":20}},"8":{"start":{"line":18,"column":6},"end":{"line":18,"column":18}},"9":{"start":{"line":23,"column":0},"end":{"line":23,"column":25}}},"fnMap":{"0":{"name":"(anonymous_0)","decl":{"start":{"line":2,"column":2},"end":{"line":2,"column":3}},"loc":{"start":{"line":2,"column":63},"end":{"line":5,"column":3}},"line":2},"1":{"name":"(anonymous_1)","decl":{"start":{"line":7,"column":2},"end":{"line":7,"column":3}},"loc":{"start":{"line":7,"column":17},"end":{"line":20,"column":3}},"line":7},"2":{"name":"(anonymous_2)","decl":{"start":{"line":8,"column":39},"end":{"line":8,"column":40}},"loc":{"start":{"line":8,"column":54},"end":{"line":12,"column":5}},"line":8},"3":{"name":"(anonymous_3)","decl":{"start":{"line":9,"column":17},"end":{"line":9,"column":18}},"loc":{"start":{"line":9,"column":23},"end":{"line":11,"column":7}},"line":9}},"branchMap":{"0":{"loc":{"start":{"line":2,"column":14},"end":{"line":2,"column":23}},"type":"default-arg","locations":[{"start":{"line":2,"column":19},"end":{"line":2,"column":23}}],"line":2},"1":{"loc":{"start":{"line":2,"column":25},"end":{"line":2,"column":61}},"type":"default-arg","locations":[{"start":{"line":2,"column":40},"end":{"line":2,"column":61}}],"line":2}},"s":{"0":3,"1":3,"2":3,"3":3,"4":3,"5":3,"6":3,"7":1,"8":2,"9":1},"f":{"0":3,"1":3,"2":3,"3":3},"b":{"0":[0],"1":[2]},"_coverageSchema":"1a1c01bbd47fc00a2c39e90264f33305004495a9","hash":"2299162d4f8f1fa9d21d4992e0c012f68c6f4998"}
}
