TN:
SF:src/bulkhead.js
FN:2,(anonymous_0)
FN:8,(anonymous_1)
FN:11,(anonymous_2)
FN:13,(anonymous_3)
FN:49,oo_cm
FNF:5
FNH:5
FNDA:3,(anonymous_0)
FNDA:5,(anonymous_1)
FNDA:1,(anonymous_2)
FNDA:1,(anonymous_3)
FNDA:1,oo_cm
DA:3,3
DA:4,3
DA:5,3
DA:10,5
DA:11,1
DA:12,1
DA:14,1
DA:21,4
DA:23,4
DA:24,4
DA:26,3
DA:28,1
DA:29,1
DA:31,4
DA:34,4
DA:35,1
DA:36,1
DA:42,1
DA:49,1
LF:19
LH:19
BRDA:2,0,0,0
BRDA:10,1,0,1
BRDA:10,1,1,4
BRDA:34,2,0,1
BRDA:34,2,1,3
BRDA:49,3,0,1
BRDA:49,3,1,1
BRF:7
BRH:6
end_of_record
TN:
SF:src/circuitBreaker.js
FN:3,(anonymous_0)
FN:12,(anonymous_1)
FN:39,(anonymous_2)
FNF:3
FNH:3
FNDA:2,(anonymous_0)
FNDA:4,(anonymous_1)
FNDA:7,(anonymous_2)
DA:4,2
DA:5,2
DA:6,2
DA:7,2
DA:8,2
DA:9,2
DA:13,4
DA:14,0
DA:15,0
DA:17,0
DA:18,0
DA:20,0
DA:24,4
DA:25,4
DA:26,0
DA:27,0
DA:29,4
DA:30,4
DA:31,4
DA:33,2
DA:35,4
DA:40,7
DA:43,7
DA:51,1
LF:24
LH:17
BRDA:3,0,0,0
BRDA:5,1,0,2
BRDA:5,1,1,0
BRDA:6,2,0,2
BRDA:6,2,1,0
BRDA:7,3,0,2
BRDA:7,3,1,2
BRDA:13,4,0,0
BRDA:13,4,1,4
BRDA:15,5,0,0
BRDA:15,5,1,0
BRDA:31,6,0,2
BRDA:31,6,1,2
BRDA:44,7,0,7
BRDA:44,7,1,3
BRDA:44,7,2,3
BRF:16
BRH:10
end_of_record
TN:
SF:src/fallback.js
FN:2,(anonymous_0)
FN:9,(anonymous_1)
FNF:2
FNH:2
FNDA:3,(anonymous_0)
FNDA:2,(anonymous_1)
DA:3,3
DA:4,1
DA:6,2
DA:10,2
DA:11,2
DA:13,2
DA:14,2
DA:17,1
DA:23,1
LF:9
LH:9
BRDA:3,0,0,1
BRDA:3,0,1,2
BRF:2
BRH:2
end_of_record
TN:
SF:src/retry.js
FN:2,(anonymous_0)
FN:8,(anonymous_1)
FN:23,(anonymous_2)
FN:24,(anonymous_3)
FNF:4
FNH:4
FNDA:1,(anonymous_0)
FNDA:1,(anonymous_1)
FNDA:1,(anonymous_2)
FNDA:1,(anonymous_3)
DA:3,1
DA:4,1
DA:5,1
DA:9,1
DA:10,1
DA:11,2
DA:12,2
DA:14,1
DA:15,1
DA:16,0
DA:18,1
DA:24,1
DA:28,1
LF:13
LH:12
BRDA:2,0,0,0
BRDA:3,1,0,1
BRDA:3,1,1,0
BRDA:4,2,0,1
BRDA:4,2,1,1
BRDA:5,3,0,1
BRDA:5,3,1,1
BRDA:15,4,0,0
BRDA:15,4,1,1
BRF:9
BRH:6
end_of_record
TN:
SF:src/timeout.js
FN:2,(anonymous_0)
FN:7,(anonymous_1)
FN:8,(anonymous_2)
FN:9,(anonymous_3)
FNF:4
FNH:4
FNDA:3,(anonymous_0)
FNDA:3,(anonymous_1)
FNDA:3,(anonymous_2)
FNDA:3,(anonymous_3)
DA:3,3
DA:4,3
DA:8,3
DA:9,3
DA:10,3
DA:14,3
DA:15,3
DA:16,1
DA:18,2
DA:23,1
LF:10
LH:10
BRDA:2,0,0,0
BRDA:2,1,0,2
BRF:2
BRH:1
end_of_record
